Arguments: 
  C:\Program Files\nodejs\node.exe C:\Program Files (x86)\Yarn\bin\yarn.js check

PATH: 
  C:\ProgramData\Oracle\Java\javapath;C:\Program Files (x86)\Intel\iCLS Client\;C:\Program Files\Intel\iCLS Client\;C:\Windows\system32;C:\Windows;C:\Windows\System32\Wbem;C:\Windows\System32\WindowsPowerShell\v1.0\;C:\Program Files\Intel\Intel(R) Management Engine Components\DAL;C:\Program Files (x86)\Intel\Intel(R) Management Engine Components\DAL;C:\Program Files\Intel\Intel(R) Management Engine Components\IPT;C:\Program Files (x86)\Intel\Intel(R) Management Engine Components\IPT;C:\Python34;C:\Program Files\gs\bin\;C:\Program Files\gs\lib\;C:\Program Files\Microsoft SQL Server\120\Tools\Binn\;C:\TDM-GCC-64\bin;C:\MongoDB\bin;C:\Program Files (x86)\Java\jre7\bin;C:\Program Files\Ant\bin;D:\texlive\bin\win32;C:\texlive\2015\bin\win32;C:\Program Files (x86)\GDAL:C:\Users\Android\sdk\platform-tools;C:\Users\Android\sdk\tools;C:\Go\bin;C:\Program Files\Microsoft SQL Server\130\Tools\Binn\;C:\Anaconda3;C:\Anaconda3\Scripts;C:\Anaconda3\Library\bin;C:\Program Files\Mongo;C:\Strawberry\perl\bin;C:\Program Files\Redis\;%USERPROFILE%\.dnx\bin;C:\Program Files\Microsoft DNX\Dnvm\;C:\Program Files\CMake\bin;C:\Program Files (x86)\Skype\Phone\;C:\texlive\2017\bin\win32;C:\Program Files\PuTTY\;C:\Program Files\Inkscape;C:\Program Files\gnuplot\bin;C:\Program Files\nodejs\;C:\Program Files (x86)\Yarn\bin;C:\Program Files\nix\bin;C:\Program Files\Git\bin;C:\Program Files\Red;C:\Users\j.brautzsch\AppData\Roaming\npm

Yarn version: 
  1.3.2

Node version: 
  8.9.4

Platform: 
  win32 x64

npm manifest: 
  {
    "name": "@fooloomanzoo/datetime-picker",
    "version": "2.7.9",
    "authors": [
      "Johannes Brautzsch <fooloomanzoo>"
    ],
    "description": "A picker for date and time, that prefers to use the native input. It includes a calendar and a timer.",
    "homepage": "https://github.com/fooloomanzoo/datetime-picker/",
    "keywords": [
      "webcomponents",
      "polymer",
      "picker",
      "datetime",
      "date",
      "calendar",
      "time",
      "timer",
      "range",
      "input",
      "polyfill"
    ],
    "main": "index.html",
    "scripts": {
      "postinstall": "bower install",
      "prepublish": "npm run build && git add . && git commit -m \"publish new version\" && git push && npm version patch",
      "gh-pages": "git checkout gh-pages && bower update -f && git add . && git commit -m \"update\" && git push && git checkout master",
      "build": "bower update && polymer analyze > analysis.json",
      "prestart": "polymer analyze > analysis.json",
      "start": "polymer serve",
      "test": "echo \"Error: no test specified\" && exit 1"
    },
    "repository": {
      "type": "git",
      "url": "git+https://github.com/fooloomanzoo/datetime-picker.git"
    },
    "license": "MIT",
    "dependencies": {
      "@polymer/polymer": "^2",
      "@fooloomanzoo/datetime-input": "^2",
      "@fooloomanzoo/number-input": "^2",
      "@fooloomanzoo/property-mixins": "^2",
      "@fooloomanzoo/input-picker-pattern": "^2"
    },
    "devDependencies": {
      "@webcomponents/webcomponentsjs": "*",
      "@polymer/iron-component-page": "*",
      "@polymer/iron-flex-layout": "*",
      "@polymer/iron-demo-helpers": "*",
      "@polymer/iron-form": "*"
    }
  }

yarn manifest: 
  No manifest

Lockfile: 
  # THIS IS AN AUTOGENERATED FILE. DO NOT EDIT THIS FILE DIRECTLY.
  # yarn lockfile v1
  
  
  "@polymer/polymer@^2.5.0":
    version "2.5.0"
    resolved "https://registry.yarnpkg.com/@polymer/polymer/-/polymer-2.5.0.tgz#261439f5ab691c230d0c5dfb518b9247064ac13d"

Trace: 
  Error: https://registry.yarnpkg.com/@fooloomanzoo%2fdatetime-input: Not found
      at Request.params.callback [as _callback] (C:\Program Files (x86)\Yarn\lib\cli.js:62098:18)
      at Request.self.callback (C:\Program Files (x86)\Yarn\lib\cli.js:123085:22)
      at emitTwo (events.js:126:13)
      at Request.emit (events.js:214:7)
      at Request.<anonymous> (C:\Program Files (x86)\Yarn\lib\cli.js:124068:10)
      at emitOne (events.js:116:13)
      at Request.emit (events.js:211:7)
      at IncomingMessage.<anonymous> (C:\Program Files (x86)\Yarn\lib\cli.js:123988:12)
      at Object.onceWrapper (events.js:313:30)
      at emitNone (events.js:111:20)
